-----------------------------
| time/              |      |
|    fps             | 329  |
|    iterations      | 1    |
|    time_elapsed    | 6    |
|    total_timesteps | 2048 |
-----------------------------
-----------------------------------------
| time/                   |             |
|    fps                  | 167         |
|    iterations           | 2           |
|    time_elapsed         | 24          |
|    total_timesteps      | 4096        |
| train/                  |             |
|    approx_kl            | 0.016653867 |
|    clip_fraction        | 0.185       |
|    clip_range           | 0.2         |
|    entropy_loss         | -42.6       |
|    explained_variance   | 0.00295     |
|    learning_rate        | 0.0003      |
|    loss                 | 10.1        |
|    n_updates            | 10          |
|    policy_gradient_loss | -0.0426     |
|    std                  | 0.999       |
|    value_loss           | 13          |
-----------------------------------------
-----------------------------------------
| time/                   |             |
|    fps                  | 145         |
|    iterations           | 3           |
|    time_elapsed         | 42          |
|    total_timesteps      | 6144        |
| train/                  |             |
|    approx_kl            | 0.016416874 |
|    clip_fraction        | 0.165       |
|    clip_range           | 0.2         |
|    entropy_loss         | -42.5       |
|    explained_variance   | 0.0252      |
|    learning_rate        | 0.0003      |
|    loss                 | 10          |
|    n_updates            | 20          |
|    policy_gradient_loss | -0.039      |
|    std                  | 0.998       |
|    value_loss           | 20.1        |
-----------------------------------------
-----------------------------------------
| time/                   |             |
|    fps                  | 137         |
|    iterations           | 4           |
|    time_elapsed         | 59          |
|    total_timesteps      | 8192        |
| train/                  |             |
|    approx_kl            | 0.019437492 |
|    clip_fraction        | 0.194       |
|    clip_range           | 0.2         |
|    entropy_loss         | -42.5       |
|    explained_variance   | -0.252      |
|    learning_rate        | 0.0003      |
|    loss                 | 6.09        |
|    n_updates            | 30          |
|    policy_gradient_loss | -0.0416     |
|    std                  | 0.999       |
|    value_loss           | 14.8        |
-----------------------------------------
-----------------------------------------
| time/                   |             |
|    fps                  | 132         |
|    iterations           | 5           |
|    time_elapsed         | 77          |
|    total_timesteps      | 10240       |
| train/                  |             |
|    approx_kl            | 0.018382896 |
|    clip_fraction        | 0.199       |
|    clip_range           | 0.2         |
|    entropy_loss         | -42.5       |
|    explained_variance   | -0.0163     |
|    learning_rate        | 0.0003      |
|    loss                 | 13.9        |
|    n_updates            | 40          |
|    policy_gradient_loss | -0.0424     |
|    std                  | 0.997       |
|    value_loss           | 20.5        |
-----------------------------------------
-----------------------------------------
| time/                   |             |
|    fps                  | 129         |
|    iterations           | 6           |
|    time_elapsed         | 94          |
|    total_timesteps      | 12288       |
| train/                  |             |
|    approx_kl            | 0.020745337 |
|    clip_fraction        | 0.229       |
|    clip_range           | 0.2         |
|    entropy_loss         | -42.4       |
|    explained_variance   | 0.0713      |
|    learning_rate        | 0.0003      |
|    loss                 | 10          |
|    n_updates            | 50          |
|    policy_gradient_loss | -0.05       |
|    std                  | 0.996       |
|    value_loss           | 17.8        |
-----------------------------------------
-----------------------------------------
| time/                   |             |
|    fps                  | 127         |
|    iterations           | 7           |
|    time_elapsed         | 112         |
|    total_timesteps      | 14336       |
| train/                  |             |
|    approx_kl            | 0.018964667 |
|    clip_fraction        | 0.213       |
|    clip_range           | 0.2         |
|    entropy_loss         | -42.4       |
|    explained_variance   | 0.202       |
|    learning_rate        | 0.0003      |
|    loss                 | 8.29        |
|    n_updates            | 60          |
|    policy_gradient_loss | -0.0473     |
|    std                  | 0.996       |
|    value_loss           | 14.4        |
-----------------------------------------
-----------------------------------------
| time/                   |             |
|    fps                  | 126         |
|    iterations           | 8           |
|    time_elapsed         | 129         |
|    total_timesteps      | 16384       |
| train/                  |             |
|    approx_kl            | 0.024078274 |
|    clip_fraction        | 0.225       |
|    clip_range           | 0.2         |
|    entropy_loss         | -42.4       |
|    explained_variance   | -0.174      |
|    learning_rate        | 0.0003      |
|    loss                 | 8.43        |
|    n_updates            | 70          |
|    policy_gradient_loss | -0.043      |
|    std                  | 0.995       |
|    value_loss           | 13.6        |
-----------------------------------------
-----------------------------------------
| time/                   |             |
|    fps                  | 125         |
|    iterations           | 9           |
|    time_elapsed         | 147         |
|    total_timesteps      | 18432       |
| train/                  |             |
|    approx_kl            | 0.016395058 |
|    clip_fraction        | 0.165       |
|    clip_range           | 0.2         |
|    entropy_loss         | -42.4       |
|    explained_variance   | -0.0421     |
|    learning_rate        | 0.0003      |
|    loss                 | 22          |
|    n_updates            | 80          |
|    policy_gradient_loss | -0.039      |
|    std                  | 0.996       |
|    value_loss           | 48.7        |
-----------------------------------------
-----------------------------------------
| time/                   |             |
|    fps                  | 124         |
|    iterations           | 10          |
|    time_elapsed         | 164         |
|    total_timesteps      | 20480       |
| train/                  |             |
|    approx_kl            | 0.013828391 |
|    clip_fraction        | 0.148       |
|    clip_range           | 0.2         |
|    entropy_loss         | -42.4       |
|    explained_variance   | 0.149       |
|    learning_rate        | 0.0003      |
|    loss                 | 16.2        |
|    n_updates            | 90          |
|    policy_gradient_loss | -0.0383     |
|    std                  | 0.995       |
|    value_loss           | 44.1        |
-----------------------------------------
-----------------------------------------
| time/                   |             |
|    fps                  | 123         |
|    iterations           | 11          |
|    time_elapsed         | 182         |
|    total_timesteps      | 22528       |
| train/                  |             |
|    approx_kl            | 0.012001553 |
|    clip_fraction        | 0.122       |
|    clip_range           | 0.2         |
|    entropy_loss         | -42.4       |
|    explained_variance   | 0.225       |
|    learning_rate        | 0.0003      |
|    loss                 | 20.8        |
|    n_updates            | 100         |
|    policy_gradient_loss | -0.0303     |
|    std                  | 0.995       |
|    value_loss           | 51.9        |
-----------------------------------------
-----------------------------------------
| time/                   |             |
|    fps                  | 122         |
|    iterations           | 12          |
|    time_elapsed         | 199         |
|    total_timesteps      | 24576       |
| train/                  |             |
|    approx_kl            | 0.010798961 |
|    clip_fraction        | 0.0931      |
|    clip_range           | 0.2         |
|    entropy_loss         | -42.4       |
|    explained_variance   | 0.235       |
|    learning_rate        | 0.0003      |
|    loss                 | 33.9        |
|    n_updates            | 110         |
|    policy_gradient_loss | -0.0318     |
|    std                  | 0.994       |
|    value_loss           | 73.3        |
-----------------------------------------
-----------------------------------------
| time/                   |             |
|    fps                  | 122         |
|    iterations           | 13          |
|    time_elapsed         | 217         |
|    total_timesteps      | 26624       |
| train/                  |             |
|    approx_kl            | 0.012493872 |
|    clip_fraction        | 0.123       |
|    clip_range           | 0.2         |
|    entropy_loss         | -42.4       |
|    explained_variance   | 0.362       |
|    learning_rate        | 0.0003      |
|    loss                 | 19          |
|    n_updates            | 120         |
|    policy_gradient_loss | -0.0364     |
|    std                  | 0.995       |
|    value_loss           | 42.6        |
-----------------------------------------
-----------------------------------------
| time/                   |             |
|    fps                  | 122         |
|    iterations           | 14          |
|    time_elapsed         | 234         |
|    total_timesteps      | 28672       |
| train/                  |             |
|    approx_kl            | 0.008602857 |
|    clip_fraction        | 0.0638      |
|    clip_range           | 0.2         |
|    entropy_loss         | -42.4       |
|    explained_variance   | 0.33        |
|    learning_rate        | 0.0003      |
|    loss                 | 58.2        |
|    n_updates            | 130         |
|    policy_gradient_loss | -0.023      |
|    std                  | 0.995       |
|    value_loss           | 112         |
-----------------------------------------
------------------------------------------
| time/                   |              |
|    fps                  | 121          |
|    iterations           | 15           |
|    time_elapsed         | 252          |
|    total_timesteps      | 30720        |
| train/                  |              |
|    approx_kl            | 0.0070352703 |
|    clip_fraction        | 0.0472       |
|    clip_range           | 0.2          |
|    entropy_loss         | -42.4        |
|    explained_variance   | 0.251        |
|    learning_rate        | 0.0003       |
|    loss                 | 181          |
|    n_updates            | 140          |
|    policy_gradient_loss | -0.0199      |
|    std                  | 0.995        |
|    value_loss           | 202          |
------------------------------------------
----------------------------------------
| time/                   |            |
|    fps                  | 121        |
|    iterations           | 16         |
|    time_elapsed         | 270        |
|    total_timesteps      | 32768      |
| train/                  |            |
|    approx_kl            | 0.00691629 |
|    clip_fraction        | 0.0414     |
|    clip_range           | 0.2        |
|    entropy_loss         | -42.4      |
|    explained_variance   | 0.294      |
|    learning_rate        | 0.0003     |
|    loss                 | 68.5       |
|    n_updates            | 150        |
|    policy_gradient_loss | -0.0211    |
|    std                  | 0.994      |
|    value_loss           | 171        |
----------------------------------------
------------------------------------------
| time/                   |              |
|    fps                  | 120          |
|    iterations           | 17           |
|    time_elapsed         | 287          |
|    total_timesteps      | 34816        |
| train/                  |              |
|    approx_kl            | 0.0070141926 |
|    clip_fraction        | 0.0382       |
|    clip_range           | 0.2          |
|    entropy_loss         | -42.4        |
|    explained_variance   | 0.366        |
|    learning_rate        | 0.0003       |
|    loss                 | 70.5         |
|    n_updates            | 160          |
|    policy_gradient_loss | -0.0199      |
|    std                  | 0.995        |
|    value_loss           | 141          |
------------------------------------------
------------------------------------------
| time/                   |              |
|    fps                  | 120          |
|    iterations           | 18           |
|    time_elapsed         | 305          |
|    total_timesteps      | 36864        |
| train/                  |              |
|    approx_kl            | 0.0058509037 |
|    clip_fraction        | 0.0246       |
|    clip_range           | 0.2          |
|    entropy_loss         | -42.4        |
|    explained_variance   | 0.266        |
|    learning_rate        | 0.0003       |
|    loss                 | 168          |
|    n_updates            | 170          |
|    policy_gradient_loss | -0.0153      |
|    std                  | 0.995        |
|    value_loss           | 347          |
------------------------------------------
-----------------------------------------
| time/                   |             |
|    fps                  | 120         |
|    iterations           | 19          |
|    time_elapsed         | 322         |
|    total_timesteps      | 38912       |
| train/                  |             |
|    approx_kl            | 0.008721464 |
|    clip_fraction        | 0.073       |
|    clip_range           | 0.2         |
|    entropy_loss         | -42.4       |
|    explained_variance   | 0.379       |
|    learning_rate        | 0.0003      |
|    loss                 | 64.5        |
|    n_updates            | 180         |
|    policy_gradient_loss | -0.0266     |
|    std                  | 0.995       |
|    value_loss           | 102         |
-----------------------------------------
-----------------------------------------
| time/                   |             |
|    fps                  | 120         |
|    iterations           | 20          |
|    time_elapsed         | 340         |
|    total_timesteps      | 40960       |
| train/                  |             |
|    approx_kl            | 0.008027709 |
|    clip_fraction        | 0.062       |
|    clip_range           | 0.2         |
|    entropy_loss         | -42.4       |
|    explained_variance   | 0.376       |
|    learning_rate        | 0.0003      |
|    loss                 | 85.6        |
|    n_updates            | 190         |
|    policy_gradient_loss | -0.0236     |
|    std                  | 0.995       |
|    value_loss           | 167         |
-----------------------------------------
------------------------------------------
| time/                   |              |
|    fps                  | 120          |
|    iterations           | 21           |
|    time_elapsed         | 357          |
|    total_timesteps      | 43008        |
| train/                  |              |
|    approx_kl            | 0.0072409306 |
|    clip_fraction        | 0.0488       |
|    clip_range           | 0.2          |
|    entropy_loss         | -42.4        |
|    explained_variance   | 0.374        |
|    learning_rate        | 0.0003       |
|    loss                 | 137          |
|    n_updates            | 200          |
|    policy_gradient_loss | -0.0179      |
|    std                  | 0.994        |
|    value_loss           | 194          |
------------------------------------------
------------------------------------------
| time/                   |              |
|    fps                  | 119          |
|    iterations           | 22           |
|    time_elapsed         | 375          |
|    total_timesteps      | 45056        |
| train/                  |              |
|    approx_kl            | 0.0078110173 |
|    clip_fraction        | 0.0654       |
|    clip_range           | 0.2          |
|    entropy_loss         | -42.4        |
|    explained_variance   | 0.436        |
|    learning_rate        | 0.0003       |
|    loss                 | 39.9         |
|    n_updates            | 210          |
|    policy_gradient_loss | -0.0224      |
|    std                  | 0.993        |
|    value_loss           | 89.9         |
------------------------------------------
-----------------------------------------
| time/                   |             |
|    fps                  | 119         |
|    iterations           | 23          |
|    time_elapsed         | 393         |
|    total_timesteps      | 47104       |
| train/                  |             |
|    approx_kl            | 0.009392713 |
|    clip_fraction        | 0.0802      |
|    clip_range           | 0.2         |
|    entropy_loss         | -42.3       |
|    explained_variance   | 0.475       |
|    learning_rate        | 0.0003      |
|    loss                 | 48.2        |
|    n_updates            | 220         |
|    policy_gradient_loss | -0.0269     |
|    std                  | 0.992       |
|    value_loss           | 91.1        |
-----------------------------------------
------------------------------------------
| time/                   |              |
|    fps                  | 119          |
|    iterations           | 24           |
|    time_elapsed         | 410          |
|    total_timesteps      | 49152        |
| train/                  |              |
|    approx_kl            | 0.0072424524 |
|    clip_fraction        | 0.0485       |
|    clip_range           | 0.2          |
|    entropy_loss         | -42.3        |
|    explained_variance   | 0.408        |
|    learning_rate        | 0.0003       |
|    loss                 | 73.4         |
|    n_updates            | 230          |
|    policy_gradient_loss | -0.0195      |
|    std                  | 0.992        |
|    value_loss           | 169          |
------------------------------------------
-----------------------------------------
| time/                   |             |
|    fps                  | 119         |
|    iterations           | 25          |
|    time_elapsed         | 428         |
|    total_timesteps      | 51200       |
| train/                  |             |
|    approx_kl            | 0.009552889 |
|    clip_fraction        | 0.076       |
|    clip_range           | 0.2         |
|    entropy_loss         | -42.3       |
|    explained_variance   | 0.442       |
|    learning_rate        | 0.0003      |
|    loss                 | 60          |
|    n_updates            | 240         |
|    policy_gradient_loss | -0.0257     |
|    std                  | 0.992       |
|    value_loss           | 104         |
-----------------------------------------
-----------------------------------------
| time/                   |             |
|    fps                  | 119         |
|    iterations           | 26          |
|    time_elapsed         | 445         |
|    total_timesteps      | 53248       |
| train/                  |             |
|    approx_kl            | 0.010145489 |
|    clip_fraction        | 0.1         |
|    clip_range           | 0.2         |
|    entropy_loss         | -42.3       |
|    explained_variance   | 0.456       |
|    learning_rate        | 0.0003      |
|    loss                 | 47.2        |
|    n_updates            | 250         |
|    policy_gradient_loss | -0.0284     |
|    std                  | 0.992       |
|    value_loss           | 94.6        |
-----------------------------------------
-----------------------------------------
| time/                   |             |
|    fps                  | 119         |
|    iterations           | 27          |
|    time_elapsed         | 463         |
|    total_timesteps      | 55296       |
| train/                  |             |
|    approx_kl            | 0.010691304 |
|    clip_fraction        | 0.0939      |
|    clip_range           | 0.2         |
|    entropy_loss         | -42.3       |
|    explained_variance   | 0.489       |
|    learning_rate        | 0.0003      |
|    loss                 | 63.9        |
|    n_updates            | 260         |
|    policy_gradient_loss | -0.0286     |
|    std                  | 0.993       |
|    value_loss           | 111         |
-----------------------------------------
-----------------------------------------
| time/                   |             |
|    fps                  | 119         |
|    iterations           | 28          |
|    time_elapsed         | 481         |
|    total_timesteps      | 57344       |
| train/                  |             |
|    approx_kl            | 0.010562927 |
|    clip_fraction        | 0.0799      |
|    clip_range           | 0.2         |
|    entropy_loss         | -42.4       |
|    explained_variance   | 0.449       |
|    learning_rate        | 0.0003      |
|    loss                 | 55.4        |
|    n_updates            | 270         |
|    policy_gradient_loss | -0.0257     |
|    std                  | 0.993       |
|    value_loss           | 96.7        |
-----------------------------------------
-----------------------------------------
| time/                   |             |
|    fps                  | 119         |
|    iterations           | 29          |
|    time_elapsed         | 498         |
|    total_timesteps      | 59392       |
| train/                  |             |
|    approx_kl            | 0.008329812 |
|    clip_fraction        | 0.0613      |
|    clip_range           | 0.2         |
|    entropy_loss         | -42.4       |
|    explained_variance   | 0.4         |
|    learning_rate        | 0.0003      |
|    loss                 | 108         |
|    n_updates            | 280         |
|    policy_gradient_loss | -0.0226     |
|    std                  | 0.994       |
|    value_loss           | 207         |
-----------------------------------------
-----------------------------------------
| time/                   |             |
|    fps                  | 119         |
|    iterations           | 30          |
|    time_elapsed         | 516         |
|    total_timesteps      | 61440       |
| train/                  |             |
|    approx_kl            | 0.011297141 |
|    clip_fraction        | 0.0964      |
|    clip_range           | 0.2         |
|    entropy_loss         | -42.4       |
|    explained_variance   | 0.511       |
|    learning_rate        | 0.0003      |
|    loss                 | 60.7        |
|    n_updates            | 290         |
|    policy_gradient_loss | -0.0286     |
|    std                  | 0.994       |
|    value_loss           | 124         |
-----------------------------------------
-----------------------------------------
| time/                   |             |
|    fps                  | 118         |
|    iterations           | 31          |
|    time_elapsed         | 533         |
|    total_timesteps      | 63488       |
| train/                  |             |
|    approx_kl            | 0.009954172 |
|    clip_fraction        | 0.0922      |
|    clip_range           | 0.2         |
|    entropy_loss         | -42.4       |
|    explained_variance   | 0.457       |
|    learning_rate        | 0.0003      |
|    loss                 | 54.9        |
|    n_updates            | 300         |
|    policy_gradient_loss | -0.025      |
|    std                  | 0.994       |
|    value_loss           | 128         |
-----------------------------------------
-----------------------------------------
| time/                   |             |
|    fps                  | 118         |
|    iterations           | 32          |
|    time_elapsed         | 551         |
|    total_timesteps      | 65536       |
| train/                  |             |
|    approx_kl            | 0.013032443 |
|    clip_fraction        | 0.131       |
|    clip_range           | 0.2         |
|    entropy_loss         | -42.4       |
|    explained_variance   | 0.384       |
|    learning_rate        | 0.0003      |
|    loss                 | 48.5        |
|    n_updates            | 310         |
|    policy_gradient_loss | -0.034      |
|    std                  | 0.993       |
|    value_loss           | 112         |
-----------------------------------------
-----------------------------------------
| time/                   |             |
|    fps                  | 118         |
|    iterations           | 33          |
|    time_elapsed         | 568         |
|    total_timesteps      | 67584       |
| train/                  |             |
|    approx_kl            | 0.009857393 |
|    clip_fraction        | 0.0911      |
|    clip_range           | 0.2         |
|    entropy_loss         | -42.3       |
|    explained_variance   | 0.386       |
|    learning_rate        | 0.0003      |
|    loss                 | 104         |
|    n_updates            | 320         |
|    policy_gradient_loss | -0.0265     |
|    std                  | 0.992       |
|    value_loss           | 235         |
-----------------------------------------
-----------------------------------------
| time/                   |             |
|    fps                  | 118         |
|    iterations           | 34          |
|    time_elapsed         | 586         |
|    total_timesteps      | 69632       |
| train/                  |             |
|    approx_kl            | 0.010132935 |
|    clip_fraction        | 0.0923      |
|    clip_range           | 0.2         |
|    entropy_loss         | -42.3       |
|    explained_variance   | 0.41        |
|    learning_rate        | 0.0003      |
|    loss                 | 149         |
|    n_updates            | 330         |
|    policy_gradient_loss | -0.0269     |
|    std                  | 0.991       |
|    value_loss           | 268         |
-----------------------------------------
-----------------------------------------
| time/                   |             |
|    fps                  | 118         |
|    iterations           | 35          |
|    time_elapsed         | 603         |
|    total_timesteps      | 71680       |
| train/                  |             |
|    approx_kl            | 0.009310335 |
|    clip_fraction        | 0.0725      |
|    clip_range           | 0.2         |
|    entropy_loss         | -42.3       |
|    explained_variance   | 0.389       |
|    learning_rate        | 0.0003      |
|    loss                 | 168         |
|    n_updates            | 340         |
|    policy_gradient_loss | -0.0236     |
|    std                  | 0.991       |
|    value_loss           | 302         |
-----------------------------------------
-----------------------------------------
| time/                   |             |
|    fps                  | 118         |
|    iterations           | 36          |
|    time_elapsed         | 621         |
|    total_timesteps      | 73728       |
| train/                  |             |
|    approx_kl            | 0.010669485 |
|    clip_fraction        | 0.0951      |
|    clip_range           | 0.2         |
|    entropy_loss         | -42.3       |
|    explained_variance   | 0.476       |
|    learning_rate        | 0.0003      |
|    loss                 | 79.6        |
|    n_updates            | 350         |
|    policy_gradient_loss | -0.0284     |
|    std                  | 0.991       |
|    value_loss           | 163         |
-----------------------------------------
-----------------------------------------
| time/                   |             |
|    fps                  | 118         |
|    iterations           | 37          |
|    time_elapsed         | 638         |
|    total_timesteps      | 75776       |
| train/                  |             |
|    approx_kl            | 0.010647439 |
|    clip_fraction        | 0.104       |
|    clip_range           | 0.2         |
|    entropy_loss         | -42.3       |
|    explained_variance   | 0.447       |
|    learning_rate        | 0.0003      |
|    loss                 | 74.6        |
|    n_updates            | 360         |
|    policy_gradient_loss | -0.0266     |
|    std                  | 0.99        |
|    value_loss           | 226         |
-----------------------------------------
-----------------------------------------
| time/                   |             |
|    fps                  | 118         |
|    iterations           | 38          |
|    time_elapsed         | 656         |
|    total_timesteps      | 77824       |
| train/                  |             |
|    approx_kl            | 0.010791717 |
|    clip_fraction        | 0.0934      |
|    clip_range           | 0.2         |
|    entropy_loss         | -42.3       |
|    explained_variance   | 0.364       |
|    learning_rate        | 0.0003      |
|    loss                 | 115         |
|    n_updates            | 370         |
|    policy_gradient_loss | -0.0267     |
|    std                  | 0.989       |
|    value_loss           | 255         |
-----------------------------------------
-----------------------------------------
| time/                   |             |
|    fps                  | 118         |
|    iterations           | 39          |
|    time_elapsed         | 673         |
|    total_timesteps      | 79872       |
| train/                  |             |
|    approx_kl            | 0.010200559 |
|    clip_fraction        | 0.0839      |
|    clip_range           | 0.2         |
|    entropy_loss         | -42.2       |
|    explained_variance   | 0.42        |
|    learning_rate        | 0.0003      |
|    loss                 | 91.6        |
|    n_updates            | 380         |
|    policy_gradient_loss | -0.0294     |
|    std                  | 0.989       |
|    value_loss           | 255         |
-----------------------------------------
-----------------------------------------
| time/                   |             |
|    fps                  | 118         |
|    iterations           | 40          |
|    time_elapsed         | 691         |
|    total_timesteps      | 81920       |
| train/                  |             |
|    approx_kl            | 0.011109187 |
|    clip_fraction        | 0.105       |
|    clip_range           | 0.2         |
|    entropy_loss         | -42.2       |
|    explained_variance   | 0.422       |
|    learning_rate        | 0.0003      |
|    loss                 | 125         |
|    n_updates            | 390         |
|    policy_gradient_loss | -0.0287     |
|    std                  | 0.989       |
|    value_loss           | 266         |
-----------------------------------------
-----------------------------------------
| time/                   |             |
|    fps                  | 118         |
|    iterations           | 41          |
|    time_elapsed         | 708         |
|    total_timesteps      | 83968       |
| train/                  |             |
|    approx_kl            | 0.010512937 |
|    clip_fraction        | 0.0817      |
|    clip_range           | 0.2         |
|    entropy_loss         | -42.2       |
|    explained_variance   | 0.403       |
|    learning_rate        | 0.0003      |
|    loss                 | 133         |
|    n_updates            | 400         |
|    policy_gradient_loss | -0.0256     |
|    std                  | 0.989       |
|    value_loss           | 348         |
-----------------------------------------
-----------------------------------------
| time/                   |             |
|    fps                  | 118         |
|    iterations           | 42          |
|    time_elapsed         | 726         |
|    total_timesteps      | 86016       |
| train/                  |             |
|    approx_kl            | 0.012145808 |
|    clip_fraction        | 0.113       |
|    clip_range           | 0.2         |
|    entropy_loss         | -42.2       |
|    explained_variance   | 0.383       |
|    learning_rate        | 0.0003      |
|    loss                 | 102         |
|    n_updates            | 410         |
|    policy_gradient_loss | -0.0315     |
|    std                  | 0.989       |
|    value_loss           | 254         |
-----------------------------------------
-----------------------------------------
| time/                   |             |
|    fps                  | 118         |
|    iterations           | 43          |
|    time_elapsed         | 743         |
|    total_timesteps      | 88064       |
| train/                  |             |
|    approx_kl            | 0.010606935 |
|    clip_fraction        | 0.0993      |
|    clip_range           | 0.2         |
|    entropy_loss         | -42.2       |
|    explained_variance   | 0.428       |
|    learning_rate        | 0.0003      |
|    loss                 | 168         |
|    n_updates            | 420         |
|    policy_gradient_loss | -0.0284     |
|    std                  | 0.989       |
|    value_loss           | 297         |
-----------------------------------------
-----------------------------------------
| time/                   |             |
|    fps                  | 118         |
|    iterations           | 44          |
|    time_elapsed         | 761         |
|    total_timesteps      | 90112       |
| train/                  |             |
|    approx_kl            | 0.012248515 |
|    clip_fraction        | 0.129       |
|    clip_range           | 0.2         |
|    entropy_loss         | -42.2       |
|    explained_variance   | 0.395       |
|    learning_rate        | 0.0003      |
|    loss                 | 132         |
|    n_updates            | 430         |
|    policy_gradient_loss | -0.0299     |
|    std                  | 0.99        |
|    value_loss           | 355         |
-----------------------------------------
-----------------------------------------
| time/                   |             |
|    fps                  | 118         |
|    iterations           | 45          |
|    time_elapsed         | 779         |
|    total_timesteps      | 92160       |
| train/                  |             |
|    approx_kl            | 0.011811071 |
|    clip_fraction        | 0.102       |
|    clip_range           | 0.2         |
|    entropy_loss         | -42.3       |
|    explained_variance   | 0.428       |
|    learning_rate        | 0.0003      |
|    loss                 | 191         |
|    n_updates            | 440         |
|    policy_gradient_loss | -0.0283     |
|    std                  | 0.99        |
|    value_loss           | 300         |
-----------------------------------------
-----------------------------------------
| time/                   |             |
|    fps                  | 118         |
|    iterations           | 46          |
|    time_elapsed         | 796         |
|    total_timesteps      | 94208       |
| train/                  |             |
|    approx_kl            | 0.011708339 |
|    clip_fraction        | 0.117       |
|    clip_range           | 0.2         |
|    entropy_loss         | -42.3       |
|    explained_variance   | 0.477       |
|    learning_rate        | 0.0003      |
|    loss                 | 89.3        |
|    n_updates            | 450         |
|    policy_gradient_loss | -0.0324     |
|    std                  | 0.989       |
|    value_loss           | 246         |
-----------------------------------------
-----------------------------------------
| time/                   |             |
|    fps                  | 118         |
|    iterations           | 47          |
|    time_elapsed         | 814         |
|    total_timesteps      | 96256       |
| train/                  |             |
|    approx_kl            | 0.010979148 |
|    clip_fraction        | 0.116       |
|    clip_range           | 0.2         |
|    entropy_loss         | -42.2       |
|    explained_variance   | 0.42        |
|    learning_rate        | 0.0003      |
|    loss                 | 146         |
|    n_updates            | 460         |
|    policy_gradient_loss | -0.0274     |
|    std                  | 0.988       |
|    value_loss           | 314         |
-----------------------------------------
-----------------------------------------
| time/                   |             |
|    fps                  | 118         |
|    iterations           | 48          |
|    time_elapsed         | 831         |
|    total_timesteps      | 98304       |
| train/                  |             |
|    approx_kl            | 0.012943415 |
|    clip_fraction        | 0.144       |
|    clip_range           | 0.2         |
|    entropy_loss         | -42.2       |
|    explained_variance   | 0.428       |
|    learning_rate        | 0.0003      |
|    loss                 | 194         |
|    n_updates            | 470         |
|    policy_gradient_loss | -0.0347     |
|    std                  | 0.988       |
|    value_loss           | 279         |
-----------------------------------------
-----------------------------------------
| time/                   |             |
|    fps                  | 118         |
|    iterations           | 49          |
|    time_elapsed         | 849         |
|    total_timesteps      | 100352      |
| train/                  |             |
|    approx_kl            | 0.012284071 |
|    clip_fraction        | 0.126       |
|    clip_range           | 0.2         |
|    entropy_loss         | -42.2       |
|    explained_variance   | 0.479       |
|    learning_rate        | 0.0003      |
|    loss                 | 113         |
|    n_updates            | 480         |
|    policy_gradient_loss | -0.0303     |
|    std                  | 0.987       |
|    value_loss           | 199         |
-----------------------------------------
